[17:11:49] [ServerMain/WARN]: [oshi.driver.windows.perfmon.PerfmonDisabled] Invalid registry value type detected for PerfOS counters. Should be REG_DWORD. Ignoring: HKEY_LOCAL_MACHINE\SYSTEM\CurrentControlSet\Services\PerfOS\Performance\Disable Performance Counters.
[17:11:54] [ServerMain/INFO]: Environment: Environment[sessionHost=https://sessionserver.mojang.com, servicesHost=https://api.minecraftservices.com, name=PROD]
[17:11:57] [ServerMain/INFO]: Loaded 1174 recipes
[17:11:57] [ServerMain/INFO]: Loaded 1271 advancements
[17:11:57] [Server thread/INFO]: Starting minecraft server version 1.20.4
[17:11:57] [Server thread/INFO]: Loading properties
[17:11:57] [Server thread/INFO]: This server is running Paper version git-Paper-379 (MC: 1.20.4) (Implementing API version 1.20.4-R0.1-SNAPSHOT) (Git: 570cfb4)
[17:11:58] [Server thread/INFO]: Using 4 threads for Netty based IO
[17:11:58] [Server thread/INFO]: Server Ping Player Sample Count: 12
[17:11:58] [Server thread/WARN]: [!] The timings profiler has been enabled but has been scheduled for removal from Paper in the future.
    We recommend installing the spark profiler as a replacement: https://spark.lucko.me/
    For more information please visit: https://github.com/PaperMC/Paper/issues/8948
[17:11:58] [Server thread/INFO]: [ChunkTaskScheduler] Chunk system is using 1 I/O threads, 2 worker threads, and gen parallelism of 2 threads
[17:11:58] [Server thread/INFO]: Default game type: SURVIVAL
[17:11:58] [Server thread/INFO]: Generating keypair
[17:11:58] [Server thread/INFO]: Starting Minecraft server on *:25565
[17:11:58] [Server thread/INFO]: Using default channel type
[17:11:58] [Server thread/INFO]: Paper: Using Java compression from Velocity.
[17:11:58] [Server thread/INFO]: Paper: Using Java cipher from Velocity.
[17:11:59] [Server thread/INFO]: Server permissions file permissions.yml is empty, ignoring it
[17:11:59] [Server thread/INFO]: Preparing level "world"
[17:11:59] [Server thread/INFO]: Preparing start region for dimension minecraft:overworld
[17:12:01] [Server thread/INFO]: Time elapsed: 1786 ms
[17:12:01] [Server thread/INFO]: Preparing start region for dimension minecraft:the_nether
[17:12:01] [Server thread/INFO]: Time elapsed: 66 ms
[17:12:01] [Server thread/INFO]: Preparing start region for dimension minecraft:the_end
[17:12:01] [Server thread/INFO]: Time elapsed: 29 ms
[17:12:01] [Server thread/INFO]: Running delayed init tasks
[17:12:01] [Server thread/INFO]: Done (4.037s)! For help, type "help"
[17:12:01] [Server thread/INFO]: Timings Reset
[17:12:12] [Server thread/INFO]: --------- Help: Index ---------------------------
[17:12:12] [Server thread/INFO]: Use /help [n] to get page n of help.
[17:12:12] [Server thread/INFO]: Aliases: Lists command aliases
[17:12:12] [Server thread/INFO]: Bukkit: All commands for Bukkit
[17:12:12] [Server thread/INFO]: Minecraft: All commands for Minecraft
[17:12:12] [Server thread/INFO]: /advancement: A Mojang provided command.
[17:12:12] [Server thread/INFO]: /attribute: A Mojang provided command.
[17:12:12] [Server thread/INFO]: /ban: A Mojang provided command.
[17:12:12] [Server thread/INFO]: /ban-ip: A Mojang provided command.
[17:12:12] [Server thread/INFO]: /banlist: A Mojang provided command.
[17:12:12] [Server thread/INFO]: /bossbar: A Mojang provided command.
[17:12:12] [Server thread/INFO]: /callback: ClickEvent callback
[17:12:12] [Server thread/INFO]: /clear: A Mojang provided command.
[17:12:12] [Server thread/INFO]: /clone: A Mojang provided command.
[17:12:12] [Server thread/INFO]: /damage: A Mojang provided command.
[17:12:12] [Server thread/INFO]: /data: A Mojang provided command.
[17:12:12] [Server thread/INFO]: /datapack: A Mojang provided command.
[17:12:12] [Server thread/INFO]: /debug: A Mojang provided command.
[17:12:12] [Server thread/INFO]: /defaultgamemode: A Mojang provided command.
[17:12:12] [Server thread/INFO]: /deop: A Mojang provided command.
[17:12:12] [Server thread/INFO]: /difficulty: A Mojang provided command.
[17:12:12] [Server thread/INFO]: /effect: A Mojang provided command.
[17:12:12] [Server thread/INFO]: /enchant: A Mojang provided command.
[17:12:12] [Server thread/INFO]: /execute: A Mojang provided command.
[17:12:12] [Server thread/INFO]: /experience: A Mojang provided command.
[17:12:12] [Server thread/INFO]: /fill: A Mojang provided command.
[17:12:12] [Server thread/INFO]: /fillbiome: A Mojang provided command.
[17:12:12] [Server thread/INFO]: /forceload: A Mojang provided command.
[17:12:12] [Server thread/INFO]: /function: A Mojang provided command.
[17:12:12] [Server thread/INFO]: /gamemode: A Mojang provided command.
[17:12:12] [Server thread/INFO]: /gamerule: A Mojang provided command.
[17:12:12] [Server thread/INFO]: /give: A Mojang provided command.
[17:12:12] [Server thread/INFO]: /help: Shows the help menu
[17:12:12] [Server thread/INFO]: /item: A Mojang provided command.
[17:12:12] [Server thread/INFO]: /jfr: A Mojang provided command.
[17:12:12] [Server thread/INFO]: /kick: A Mojang provided command.
[17:12:12] [Server thread/INFO]: /kill: A Mojang provided command.
[17:12:12] [Server thread/INFO]: /list: A Mojang provided command.
[17:12:12] [Server thread/INFO]: /locate: A Mojang provided command.
[17:12:12] [Server thread/INFO]: /loot: A Mojang provided command.
[17:12:12] [Server thread/INFO]: /me: A Mojang provided command.
[17:12:12] [Server thread/INFO]: /minecraft:help: A Mojang provided command.
[17:12:12] [Server thread/INFO]: /minecraft:reload: A Mojang provided command.
[17:12:12] [Server thread/INFO]: /msg: A Mojang provided command.
[17:12:12] [Server thread/INFO]: /mspt: View server tick times
[17:12:12] [Server thread/INFO]: /op: A Mojang provided command.
[17:12:12] [Server thread/INFO]: /paper: Paper related commands
[17:12:12] [Server thread/INFO]: /pardon: A Mojang provided command.
[17:12:12] [Server thread/INFO]: /pardon-ip: A Mojang provided command.
[17:12:12] [Server thread/INFO]: /particle: A Mojang provided command.
[17:12:12] [Server thread/INFO]: /perf: A Mojang provided command.
[17:12:12] [Server thread/INFO]: /place: A Mojang provided command.
[17:12:12] [Server thread/INFO]: /playsound: A Mojang provided command.
[17:12:12] [Server thread/INFO]: /plugins: Gets a list of plugins running on the server
[17:12:12] [Server thread/INFO]: /random: A Mojang provided command.
[17:12:12] [Server thread/INFO]: /recipe: A Mojang provided command.
[17:12:12] [Server thread/INFO]: /reload: Reloads the server configuration and plugins
[17:12:12] [Server thread/INFO]: /restart: Restarts the server
[17:12:12] [Server thread/INFO]: /return: A Mojang provided command.
[17:12:12] [Server thread/INFO]: /ride: A Mojang provided command.
[17:12:12] [Server thread/INFO]: /save-all: A Mojang provided command.
[17:12:12] [Server thread/INFO]: /save-off: A Mojang provided command.
[17:12:12] [Server thread/INFO]: /save-on: A Mojang provided command.
[17:12:12] [Server thread/INFO]: /say: A Mojang provided command.
[17:12:12] [Server thread/INFO]: /schedule: A Mojang provided command.
[17:12:12] [Server thread/INFO]: /scoreboard: A Mojang provided command.
[17:12:12] [Server thread/INFO]: /seed: A Mojang provided command.
[17:12:12] [Server thread/INFO]: /setblock: A Mojang provided command.
[17:12:12] [Server thread/INFO]: /setidletimeout: A Mojang provided command.
[17:12:12] [Server thread/INFO]: /setworldspawn: A Mojang provided command.
[17:12:12] [Server thread/INFO]: /spawnpoint: A Mojang provided command.
[17:12:12] [Server thread/INFO]: /spectate: A Mojang provided command.
[17:12:12] [Server thread/INFO]: /spigot: Spigot related commands
[17:12:12] [Server thread/INFO]: /spreadplayers: A Mojang provided command.
[17:12:12] [Server thread/INFO]: /stop: A Mojang provided command.
[17:12:12] [Server thread/INFO]: /stopsound: A Mojang provided command.
[17:12:12] [Server thread/INFO]: /summon: A Mojang provided command.
[17:12:12] [Server thread/INFO]: /tag: A Mojang provided command.
[17:12:12] [Server thread/INFO]: /team: A Mojang provided command.
[17:12:12] [Server thread/INFO]: /teammsg: A Mojang provided command.
[17:12:12] [Server thread/INFO]: /teleport: A Mojang provided command.
[17:12:12] [Server thread/INFO]: /tell: A Mojang provided command.
[17:12:12] [Server thread/INFO]: /tellraw: A Mojang provided command.
[17:12:12] [Server thread/INFO]: /tick: A Mojang provided command.
[17:12:12] [Server thread/INFO]: /time: A Mojang provided command.
[17:12:12] [Server thread/INFO]: /timings: Manages Spigot Timings data to see performance of the server.
[17:12:12] [Server thread/INFO]: /title: A Mojang provided command.
[17:12:12] [Server thread/INFO]: /tm: A Mojang provided command.
[17:12:12] [Server thread/INFO]: /tp: A Mojang provided command.
[17:12:12] [Server thread/INFO]: /tps: Gets the current ticks per second for the server
[17:12:12] [Server thread/INFO]: /trigger: A Mojang provided command.
[17:12:12] [Server thread/INFO]: /version: Gets the version of this server including any plugins in use
[17:12:12] [Server thread/INFO]: /w: A Mojang provided command.
[17:12:12] [Server thread/INFO]: /weather: A Mojang provided command.
[17:12:12] [Server thread/INFO]: /whitelist: A Mojang provided command.
[17:12:12] [Server thread/INFO]: /worldborder: A Mojang provided command.
[17:12:12] [Server thread/INFO]: /xp: A Mojang provided command.
